2025-01-20 16:53:22 [background-preinit] INFO  org.hibernate.validator.internal.util.Version - HV000001: Hibernate Validator 8.0.2.Final
2025-01-20 16:53:23 [restartedMain] INFO  com.Tekarch.BookingService.BookingServiceApplication - Starting BookingServiceApplication using Java 17.0.9 with PID 5586 (/Users/niwas/IdeaProjects/TekarchBookingService/build/classes/java/main started by niwas in /Users/niwas/IdeaProjects/TekarchBookingService)
2025-01-20 16:53:23 [restartedMain] INFO  com.Tekarch.BookingService.BookingServiceApplication - No active profile set, falling back to 1 default profile: "default"
2025-01-20 16:53:23 [restartedMain] INFO  org.springframework.boot.devtools.env.DevToolsPropertyDefaultsPostProcessor - Devtools property defaults active! Set 'spring.devtools.add-properties' to 'false' to disable
2025-01-20 16:53:23 [restartedMain] INFO  org.springframework.boot.devtools.env.DevToolsPropertyDefaultsPostProcessor - For additional web related logging consider setting the 'logging.level.web' property to 'DEBUG'
2025-01-20 16:53:29 [restartedMain] INFO  org.springframework.boot.web.embedded.tomcat.TomcatWebServer - Tomcat initialized with port 5002 (http)
2025-01-20 16:53:29 [restartedMain] INFO  org.apache.coyote.http11.Http11NioProtocol - Initializing ProtocolHandler ["http-nio-5002"]
2025-01-20 16:53:29 [restartedMain] INFO  org.apache.catalina.core.StandardService - Starting service [Tomcat]
2025-01-20 16:53:29 [restartedMain] INFO  org.apache.catalina.core.StandardEngine - Starting Servlet engine: [Apache Tomcat/10.1.34]
2025-01-20 16:53:29 [restartedMain] INFO  org.apache.catalina.core.ContainerBase.[Tomcat].[localhost].[/] - Initializing Spring embedded WebApplicationContext
2025-01-20 16:53:29 [restartedMain] INFO  org.springframework.boot.web.servlet.context.ServletWebServerApplicationContext - Root WebApplicationContext: initialization completed in 5364 ms
2025-01-20 16:53:29 [restartedMain] INFO  org.springframework.beans.factory.annotation.AutowiredAnnotationBeanPostProcessor - Autowired annotation is not supported on static fields: private static final org.apache.logging.log4j.Logger com.Tekarch.BookingService.Service.BookingService.logger
2025-01-20 16:53:30 [restartedMain] WARN  org.springframework.boot.devtools.autoconfigure.OptionalLiveReloadServer - Unable to start LiveReload server
2025-01-20 16:53:30 [restartedMain] INFO  org.apache.coyote.http11.Http11NioProtocol - Starting ProtocolHandler ["http-nio-5002"]
2025-01-20 16:53:30 [restartedMain] INFO  org.springframework.boot.web.embedded.tomcat.TomcatWebServer - Tomcat started on port 5002 (http) with context path '/'
2025-01-20 16:53:30 [restartedMain] INFO  com.Tekarch.BookingService.BookingServiceApplication - Started BookingServiceApplication in 10.695 seconds (process running for 12.708)
2025-01-20 17:01:21 [http-nio-5002-exec-1] INFO  org.apache.catalina.core.ContainerBase.[Tomcat].[localhost].[/] - Initializing Spring DispatcherServlet 'dispatcherServlet'
2025-01-20 17:01:21 [http-nio-5002-exec-1] INFO  org.springframework.web.servlet.DispatcherServlet - Initializing Servlet 'dispatcherServlet'
2025-01-20 17:01:21 [http-nio-5002-exec-1] INFO  org.springframework.web.servlet.DispatcherServlet - Completed initialization in 7 ms
2025-01-20 19:13:50 [SpringApplicationShutdownHook] INFO  org.springframework.boot.web.embedded.tomcat.GracefulShutdown - Commencing graceful shutdown. Waiting for active requests to complete
2025-01-20 19:13:50 [tomcat-shutdown] INFO  org.springframework.boot.web.embedded.tomcat.GracefulShutdown - Graceful shutdown complete
2025-01-21 11:00:14 [background-preinit] INFO  org.hibernate.validator.internal.util.Version - HV000001: Hibernate Validator 8.0.2.Final
2025-01-21 11:00:14 [restartedMain] INFO  com.Tekarch.BookingService.BookingServiceApplication - Starting BookingServiceApplication using Java 17.0.9 with PID 5038 (/Users/niwas/IdeaProjects/TekarchBookingService/build/classes/java/main started by niwas in /Users/niwas/IdeaProjects/TekarchBookingService)
2025-01-21 11:00:14 [restartedMain] INFO  com.Tekarch.BookingService.BookingServiceApplication - No active profile set, falling back to 1 default profile: "default"
2025-01-21 11:00:14 [restartedMain] INFO  org.springframework.boot.devtools.env.DevToolsPropertyDefaultsPostProcessor - Devtools property defaults active! Set 'spring.devtools.add-properties' to 'false' to disable
2025-01-21 11:00:14 [restartedMain] INFO  org.springframework.boot.devtools.env.DevToolsPropertyDefaultsPostProcessor - For additional web related logging consider setting the 'logging.level.web' property to 'DEBUG'
2025-01-21 11:00:17 [restartedMain] INFO  org.springframework.boot.web.embedded.tomcat.TomcatWebServer - Tomcat initialized with port 5002 (http)
2025-01-21 11:00:18 [restartedMain] INFO  org.apache.coyote.http11.Http11NioProtocol - Initializing ProtocolHandler ["http-nio-5002"]
2025-01-21 11:00:18 [restartedMain] INFO  org.apache.catalina.core.StandardService - Starting service [Tomcat]
2025-01-21 11:00:18 [restartedMain] INFO  org.apache.catalina.core.StandardEngine - Starting Servlet engine: [Apache Tomcat/10.1.34]
2025-01-21 11:00:18 [restartedMain] INFO  org.apache.catalina.core.ContainerBase.[Tomcat].[localhost].[/] - Initializing Spring embedded WebApplicationContext
2025-01-21 11:00:18 [restartedMain] INFO  org.springframework.boot.web.servlet.context.ServletWebServerApplicationContext - Root WebApplicationContext: initialization completed in 3819 ms
2025-01-21 11:00:18 [restartedMain] INFO  org.springframework.beans.factory.annotation.AutowiredAnnotationBeanPostProcessor - Autowired annotation is not supported on static fields: private static final org.apache.logging.log4j.Logger com.Tekarch.BookingService.Service.BookingService.logger
2025-01-21 11:00:20 [restartedMain] WARN  org.springframework.boot.devtools.autoconfigure.OptionalLiveReloadServer - Unable to start LiveReload server
2025-01-21 11:00:20 [restartedMain] INFO  org.apache.coyote.http11.Http11NioProtocol - Starting ProtocolHandler ["http-nio-5002"]
2025-01-21 11:00:20 [restartedMain] INFO  org.springframework.boot.web.embedded.tomcat.TomcatWebServer - Tomcat started on port 5002 (http) with context path '/'
2025-01-21 11:00:20 [restartedMain] INFO  com.Tekarch.BookingService.BookingServiceApplication - Started BookingServiceApplication in 7.136 seconds (process running for 8.688)
2025-01-21 11:18:44 [SpringApplicationShutdownHook] INFO  org.springframework.boot.web.embedded.tomcat.GracefulShutdown - Commencing graceful shutdown. Waiting for active requests to complete
2025-01-21 11:18:44 [tomcat-shutdown] INFO  org.springframework.boot.web.embedded.tomcat.GracefulShutdown - Graceful shutdown complete
2025-01-21 11:48:00 [background-preinit] INFO  org.hibernate.validator.internal.util.Version - HV000001: Hibernate Validator 8.0.2.Final
2025-01-21 11:48:01 [restartedMain] INFO  com.Tekarch.BookingService.BookingServiceApplication - Starting BookingServiceApplication using Java 17.0.9 with PID 6311 (/Users/niwas/IdeaProjects/TekarchBookingService/build/classes/java/main started by niwas in /Users/niwas/IdeaProjects/TekarchBookingService)
2025-01-21 11:48:01 [restartedMain] INFO  com.Tekarch.BookingService.BookingServiceApplication - No active profile set, falling back to 1 default profile: "default"
2025-01-21 11:48:01 [restartedMain] INFO  org.springframework.boot.devtools.env.DevToolsPropertyDefaultsPostProcessor - Devtools property defaults active! Set 'spring.devtools.add-properties' to 'false' to disable
2025-01-21 11:48:01 [restartedMain] INFO  org.springframework.boot.devtools.env.DevToolsPropertyDefaultsPostProcessor - For additional web related logging consider setting the 'logging.level.web' property to 'DEBUG'
2025-01-21 11:48:05 [restartedMain] INFO  org.springframework.boot.web.embedded.tomcat.TomcatWebServer - Tomcat initialized with port 5002 (http)
2025-01-21 11:48:05 [restartedMain] INFO  org.apache.coyote.http11.Http11NioProtocol - Initializing ProtocolHandler ["http-nio-5002"]
2025-01-21 11:48:05 [restartedMain] INFO  org.apache.catalina.core.StandardService - Starting service [Tomcat]
2025-01-21 11:48:05 [restartedMain] INFO  org.apache.catalina.core.StandardEngine - Starting Servlet engine: [Apache Tomcat/10.1.34]
2025-01-21 11:48:05 [restartedMain] INFO  org.apache.catalina.core.ContainerBase.[Tomcat].[localhost].[/] - Initializing Spring embedded WebApplicationContext
2025-01-21 11:48:05 [restartedMain] INFO  org.springframework.boot.web.servlet.context.ServletWebServerApplicationContext - Root WebApplicationContext: initialization completed in 3871 ms
2025-01-21 11:48:05 [restartedMain] INFO  org.springframework.beans.factory.annotation.AutowiredAnnotationBeanPostProcessor - Autowired annotation is not supported on static fields: private static final org.apache.logging.log4j.Logger com.Tekarch.BookingService.Service.BookingService.logger
2025-01-21 11:48:07 [restartedMain] WARN  org.springframework.boot.devtools.autoconfigure.OptionalLiveReloadServer - Unable to start LiveReload server
2025-01-21 11:48:07 [restartedMain] INFO  org.apache.coyote.http11.Http11NioProtocol - Starting ProtocolHandler ["http-nio-5002"]
2025-01-21 11:48:07 [restartedMain] INFO  org.springframework.boot.web.embedded.tomcat.TomcatWebServer - Tomcat started on port 5002 (http) with context path '/'
2025-01-21 11:48:07 [restartedMain] INFO  com.Tekarch.BookingService.BookingServiceApplication - Started BookingServiceApplication in 7.639 seconds (process running for 9.825)
2025-01-21 12:05:49 [SpringApplicationShutdownHook] INFO  org.springframework.boot.web.embedded.tomcat.GracefulShutdown - Commencing graceful shutdown. Waiting for active requests to complete
2025-01-21 12:05:49 [tomcat-shutdown] INFO  org.springframework.boot.web.embedded.tomcat.GracefulShutdown - Graceful shutdown complete
2025-01-26 09:20:32 [background-preinit] INFO  org.hibernate.validator.internal.util.Version - HV000001: Hibernate Validator 8.0.2.Final
2025-01-26 09:20:32 [restartedMain] INFO  com.Tekarch.BookingService.BookingServiceApplication - Starting BookingServiceApplication using Java 17.0.9 with PID 1762 (/Users/niwas/IdeaProjects/TekarchBookingService/build/classes/java/main started by niwas in /Users/niwas/IdeaProjects/TekarchBookingService)
2025-01-26 09:20:32 [restartedMain] INFO  com.Tekarch.BookingService.BookingServiceApplication - No active profile set, falling back to 1 default profile: "default"
2025-01-26 09:20:33 [restartedMain] INFO  org.springframework.boot.devtools.env.DevToolsPropertyDefaultsPostProcessor - Devtools property defaults active! Set 'spring.devtools.add-properties' to 'false' to disable
2025-01-26 09:20:33 [restartedMain] INFO  org.springframework.boot.devtools.env.DevToolsPropertyDefaultsPostProcessor - For additional web related logging consider setting the 'logging.level.web' property to 'DEBUG'
2025-01-26 09:20:36 [restartedMain] INFO  org.springframework.boot.web.embedded.tomcat.TomcatWebServer - Tomcat initialized with port 5002 (http)
2025-01-26 09:20:36 [restartedMain] INFO  org.apache.coyote.http11.Http11NioProtocol - Initializing ProtocolHandler ["http-nio-5002"]
2025-01-26 09:20:36 [restartedMain] INFO  org.apache.catalina.core.StandardService - Starting service [Tomcat]
2025-01-26 09:20:36 [restartedMain] INFO  org.apache.catalina.core.StandardEngine - Starting Servlet engine: [Apache Tomcat/10.1.34]
2025-01-26 09:20:36 [restartedMain] INFO  org.apache.catalina.core.ContainerBase.[Tomcat].[localhost].[/] - Initializing Spring embedded WebApplicationContext
2025-01-26 09:20:36 [restartedMain] INFO  org.springframework.boot.web.servlet.context.ServletWebServerApplicationContext - Root WebApplicationContext: initialization completed in 3518 ms
2025-01-26 09:20:36 [restartedMain] INFO  org.springframework.beans.factory.annotation.AutowiredAnnotationBeanPostProcessor - Autowired annotation is not supported on static fields: private static final org.apache.logging.log4j.Logger com.Tekarch.BookingService.Service.BookingService.logger
2025-01-26 09:20:38 [restartedMain] WARN  org.springframework.boot.devtools.autoconfigure.OptionalLiveReloadServer - Unable to start LiveReload server
2025-01-26 09:20:38 [restartedMain] INFO  org.apache.coyote.http11.Http11NioProtocol - Starting ProtocolHandler ["http-nio-5002"]
2025-01-26 09:20:38 [restartedMain] INFO  org.springframework.boot.web.embedded.tomcat.TomcatWebServer - Tomcat started on port 5002 (http) with context path '/'
2025-01-26 09:20:38 [restartedMain] INFO  com.Tekarch.BookingService.BookingServiceApplication - Started BookingServiceApplication in 6.833 seconds (process running for 8.668)
2025-01-26 09:21:56 [http-nio-5002-exec-1] INFO  org.apache.catalina.core.ContainerBase.[Tomcat].[localhost].[/] - Initializing Spring DispatcherServlet 'dispatcherServlet'
2025-01-26 09:21:56 [http-nio-5002-exec-1] INFO  org.springframework.web.servlet.DispatcherServlet - Initializing Servlet 'dispatcherServlet'
2025-01-26 09:21:56 [http-nio-5002-exec-1] INFO  org.springframework.web.servlet.DispatcherServlet - Completed initialization in 4 ms
2025-01-26 09:21:57 [http-nio-5002-exec-10] INFO  org.springdoc.api.AbstractOpenApiResource - Init duration for springdoc-openapi is: 655 ms
2025-01-26 11:57:36 [SpringApplicationShutdownHook] INFO  org.springframework.boot.web.embedded.tomcat.GracefulShutdown - Commencing graceful shutdown. Waiting for active requests to complete
2025-01-26 11:57:36 [tomcat-shutdown] INFO  org.springframework.boot.web.embedded.tomcat.GracefulShutdown - Graceful shutdown complete
2025-01-26 11:59:52 [background-preinit] INFO  org.hibernate.validator.internal.util.Version - HV000001: Hibernate Validator 8.0.2.Final
2025-01-26 11:59:53 [restartedMain] INFO  com.Tekarch.BookingService.BookingServiceApplication - Starting BookingServiceApplication using Java 17.0.9 with PID 5488 (/Users/niwas/IdeaProjects/TekarchBookingService/build/classes/java/main started by niwas in /Users/niwas/IdeaProjects/TekarchBookingService)
2025-01-26 11:59:53 [restartedMain] INFO  com.Tekarch.BookingService.BookingServiceApplication - No active profile set, falling back to 1 default profile: "default"
2025-01-26 11:59:54 [restartedMain] INFO  org.springframework.boot.devtools.env.DevToolsPropertyDefaultsPostProcessor - Devtools property defaults active! Set 'spring.devtools.add-properties' to 'false' to disable
2025-01-26 11:59:54 [restartedMain] INFO  org.springframework.boot.devtools.env.DevToolsPropertyDefaultsPostProcessor - For additional web related logging consider setting the 'logging.level.web' property to 'DEBUG'
2025-01-26 12:00:00 [restartedMain] INFO  org.springframework.boot.web.embedded.tomcat.TomcatWebServer - Tomcat initialized with port 5002 (http)
2025-01-26 12:00:00 [restartedMain] INFO  org.apache.coyote.http11.Http11NioProtocol - Initializing ProtocolHandler ["http-nio-5002"]
2025-01-26 12:00:00 [restartedMain] INFO  org.apache.catalina.core.StandardService - Starting service [Tomcat]
2025-01-26 12:00:00 [restartedMain] INFO  org.apache.catalina.core.StandardEngine - Starting Servlet engine: [Apache Tomcat/10.1.34]
2025-01-26 12:00:00 [restartedMain] INFO  org.apache.catalina.core.ContainerBase.[Tomcat].[localhost].[/] - Initializing Spring embedded WebApplicationContext
2025-01-26 12:00:00 [restartedMain] INFO  org.springframework.boot.web.servlet.context.ServletWebServerApplicationContext - Root WebApplicationContext: initialization completed in 6366 ms
2025-01-26 12:00:00 [restartedMain] INFO  org.springframework.beans.factory.annotation.AutowiredAnnotationBeanPostProcessor - Autowired annotation is not supported on static fields: private static final org.apache.logging.log4j.Logger com.Tekarch.BookingService.Service.BookingService.logger
2025-01-26 12:00:03 [restartedMain] WARN  org.springframework.boot.devtools.autoconfigure.OptionalLiveReloadServer - Unable to start LiveReload server
2025-01-26 12:00:03 [restartedMain] INFO  org.apache.coyote.http11.Http11NioProtocol - Starting ProtocolHandler ["http-nio-5002"]
2025-01-26 12:00:03 [restartedMain] INFO  org.springframework.boot.web.embedded.tomcat.TomcatWebServer - Tomcat started on port 5002 (http) with context path '/'
2025-01-26 12:00:03 [restartedMain] INFO  com.Tekarch.BookingService.BookingServiceApplication - Started BookingServiceApplication in 12.359 seconds (process running for 15.799)
2025-01-26 12:39:28 [SpringApplicationShutdownHook] INFO  org.springframework.boot.web.embedded.tomcat.GracefulShutdown - Commencing graceful shutdown. Waiting for active requests to complete
2025-01-26 12:39:28 [tomcat-shutdown] INFO  org.springframework.boot.web.embedded.tomcat.GracefulShutdown - Graceful shutdown complete
2025-01-26 12:41:02 [background-preinit] INFO  org.hibernate.validator.internal.util.Version - HV000001: Hibernate Validator 8.0.2.Final
2025-01-26 12:41:02 [restartedMain] INFO  com.Tekarch.BookingService.BookingServiceApplication - Starting BookingServiceApplication using Java 17.0.9 with PID 6225 (/Users/niwas/IdeaProjects/TekarchBookingService/build/classes/java/main started by niwas in /Users/niwas/IdeaProjects/TekarchBookingService)
2025-01-26 12:41:02 [restartedMain] INFO  com.Tekarch.BookingService.BookingServiceApplication - No active profile set, falling back to 1 default profile: "default"
2025-01-26 12:41:03 [restartedMain] INFO  org.springframework.boot.devtools.env.DevToolsPropertyDefaultsPostProcessor - Devtools property defaults active! Set 'spring.devtools.add-properties' to 'false' to disable
2025-01-26 12:41:03 [restartedMain] INFO  org.springframework.boot.devtools.env.DevToolsPropertyDefaultsPostProcessor - For additional web related logging consider setting the 'logging.level.web' property to 'DEBUG'
2025-01-26 12:41:06 [restartedMain] INFO  org.springframework.boot.web.embedded.tomcat.TomcatWebServer - Tomcat initialized with port 5002 (http)
2025-01-26 12:41:06 [restartedMain] INFO  org.apache.coyote.http11.Http11NioProtocol - Initializing ProtocolHandler ["http-nio-5002"]
2025-01-26 12:41:06 [restartedMain] INFO  org.apache.catalina.core.StandardService - Starting service [Tomcat]
2025-01-26 12:41:06 [restartedMain] INFO  org.apache.catalina.core.StandardEngine - Starting Servlet engine: [Apache Tomcat/10.1.34]
2025-01-26 12:41:06 [restartedMain] INFO  org.apache.catalina.core.ContainerBase.[Tomcat].[localhost].[/] - Initializing Spring embedded WebApplicationContext
2025-01-26 12:41:06 [restartedMain] INFO  org.springframework.boot.web.servlet.context.ServletWebServerApplicationContext - Root WebApplicationContext: initialization completed in 3597 ms
2025-01-26 12:41:06 [restartedMain] INFO  org.springframework.beans.factory.annotation.AutowiredAnnotationBeanPostProcessor - Autowired annotation is not supported on static fields: private static final org.apache.logging.log4j.Logger com.Tekarch.BookingService.Service.BookingService.logger
2025-01-26 12:41:08 [restartedMain] WARN  org.springframework.boot.devtools.autoconfigure.OptionalLiveReloadServer - Unable to start LiveReload server
2025-01-26 12:41:08 [restartedMain] INFO  org.apache.coyote.http11.Http11NioProtocol - Starting ProtocolHandler ["http-nio-5002"]
2025-01-26 12:41:08 [restartedMain] INFO  org.springframework.boot.web.embedded.tomcat.TomcatWebServer - Tomcat started on port 5002 (http) with context path '/'
2025-01-26 12:41:08 [restartedMain] INFO  com.Tekarch.BookingService.BookingServiceApplication - Started BookingServiceApplication in 6.831 seconds (process running for 9.04)
2025-01-26 13:02:28 [SpringApplicationShutdownHook] INFO  org.springframework.boot.web.embedded.tomcat.GracefulShutdown - Commencing graceful shutdown. Waiting for active requests to complete
2025-01-26 13:02:28 [tomcat-shutdown] INFO  org.springframework.boot.web.embedded.tomcat.GracefulShutdown - Graceful shutdown complete
2025-01-26 13:05:03 [background-preinit] INFO  org.hibernate.validator.internal.util.Version - HV000001: Hibernate Validator 8.0.2.Final
2025-01-26 13:05:03 [restartedMain] INFO  com.Tekarch.BookingService.BookingServiceApplication - Starting BookingServiceApplication using Java 17.0.9 with PID 6935 (/Users/niwas/IdeaProjects/TekarchBookingService/build/classes/java/main started by niwas in /Users/niwas/IdeaProjects/TekarchBookingService)
2025-01-26 13:05:03 [restartedMain] INFO  com.Tekarch.BookingService.BookingServiceApplication - No active profile set, falling back to 1 default profile: "default"
2025-01-26 13:05:03 [restartedMain] INFO  org.springframework.boot.devtools.env.DevToolsPropertyDefaultsPostProcessor - Devtools property defaults active! Set 'spring.devtools.add-properties' to 'false' to disable
2025-01-26 13:05:03 [restartedMain] INFO  org.springframework.boot.devtools.env.DevToolsPropertyDefaultsPostProcessor - For additional web related logging consider setting the 'logging.level.web' property to 'DEBUG'
2025-01-26 13:05:07 [restartedMain] INFO  org.springframework.boot.web.embedded.tomcat.TomcatWebServer - Tomcat initialized with port 5002 (http)
2025-01-26 13:05:07 [restartedMain] INFO  org.apache.coyote.http11.Http11NioProtocol - Initializing ProtocolHandler ["http-nio-5002"]
2025-01-26 13:05:07 [restartedMain] INFO  org.apache.catalina.core.StandardService - Starting service [Tomcat]
2025-01-26 13:05:07 [restartedMain] INFO  org.apache.catalina.core.StandardEngine - Starting Servlet engine: [Apache Tomcat/10.1.34]
2025-01-26 13:05:07 [restartedMain] INFO  org.apache.catalina.core.ContainerBase.[Tomcat].[localhost].[/] - Initializing Spring embedded WebApplicationContext
2025-01-26 13:05:07 [restartedMain] INFO  org.springframework.boot.web.servlet.context.ServletWebServerApplicationContext - Root WebApplicationContext: initialization completed in 4318 ms
2025-01-26 13:05:08 [restartedMain] INFO  org.springframework.beans.factory.annotation.AutowiredAnnotationBeanPostProcessor - Autowired annotation is not supported on static fields: private static final org.apache.logging.log4j.Logger com.Tekarch.BookingService.Service.BookingService.logger
2025-01-26 13:05:10 [restartedMain] WARN  org.springframework.boot.devtools.autoconfigure.OptionalLiveReloadServer - Unable to start LiveReload server
2025-01-26 13:05:10 [restartedMain] INFO  org.apache.coyote.http11.Http11NioProtocol - Starting ProtocolHandler ["http-nio-5002"]
2025-01-26 13:05:10 [restartedMain] INFO  org.springframework.boot.web.embedded.tomcat.TomcatWebServer - Tomcat started on port 5002 (http) with context path '/'
2025-01-26 13:05:10 [restartedMain] INFO  com.Tekarch.BookingService.BookingServiceApplication - Started BookingServiceApplication in 7.949 seconds (process running for 10.067)
2025-01-26 13:16:44 [SpringApplicationShutdownHook] INFO  org.springframework.boot.web.embedded.tomcat.GracefulShutdown - Commencing graceful shutdown. Waiting for active requests to complete
2025-01-26 13:16:44 [tomcat-shutdown] INFO  org.springframework.boot.web.embedded.tomcat.GracefulShutdown - Graceful shutdown complete
2025-01-26 13:19:43 [background-preinit] INFO  org.hibernate.validator.internal.util.Version - HV000001: Hibernate Validator 8.0.2.Final
2025-01-26 13:19:43 [restartedMain] INFO  com.Tekarch.BookingService.BookingServiceApplication - Starting BookingServiceApplication using Java 17.0.9 with PID 7387 (/Users/niwas/IdeaProjects/TekarchBookingService/build/classes/java/main started by niwas in /Users/niwas/IdeaProjects/TekarchBookingService)
2025-01-26 13:19:43 [restartedMain] INFO  com.Tekarch.BookingService.BookingServiceApplication - No active profile set, falling back to 1 default profile: "default"
2025-01-26 13:19:43 [restartedMain] INFO  org.springframework.boot.devtools.env.DevToolsPropertyDefaultsPostProcessor - Devtools property defaults active! Set 'spring.devtools.add-properties' to 'false' to disable
2025-01-26 13:19:43 [restartedMain] INFO  org.springframework.boot.devtools.env.DevToolsPropertyDefaultsPostProcessor - For additional web related logging consider setting the 'logging.level.web' property to 'DEBUG'
2025-01-26 13:19:46 [restartedMain] INFO  org.springframework.boot.web.embedded.tomcat.TomcatWebServer - Tomcat initialized with port 5002 (http)
2025-01-26 13:19:46 [restartedMain] INFO  org.apache.coyote.http11.Http11NioProtocol - Initializing ProtocolHandler ["http-nio-5002"]
2025-01-26 13:19:46 [restartedMain] INFO  org.apache.catalina.core.StandardService - Starting service [Tomcat]
2025-01-26 13:19:46 [restartedMain] INFO  org.apache.catalina.core.StandardEngine - Starting Servlet engine: [Apache Tomcat/10.1.34]
2025-01-26 13:19:46 [restartedMain] INFO  org.apache.catalina.core.ContainerBase.[Tomcat].[localhost].[/] - Initializing Spring embedded WebApplicationContext
2025-01-26 13:19:46 [restartedMain] INFO  org.springframework.boot.web.servlet.context.ServletWebServerApplicationContext - Root WebApplicationContext: initialization completed in 3324 ms
2025-01-26 13:19:46 [restartedMain] INFO  org.springframework.beans.factory.annotation.AutowiredAnnotationBeanPostProcessor - Autowired annotation is not supported on static fields: private static final org.apache.logging.log4j.Logger com.Tekarch.BookingService.Service.BookingService.logger
2025-01-26 13:19:48 [restartedMain] WARN  org.springframework.boot.devtools.autoconfigure.OptionalLiveReloadServer - Unable to start LiveReload server
2025-01-26 13:19:48 [restartedMain] INFO  org.apache.coyote.http11.Http11NioProtocol - Starting ProtocolHandler ["http-nio-5002"]
2025-01-26 13:19:48 [restartedMain] INFO  org.springframework.boot.web.embedded.tomcat.TomcatWebServer - Tomcat started on port 5002 (http) with context path '/'
2025-01-26 13:19:48 [restartedMain] INFO  com.Tekarch.BookingService.BookingServiceApplication - Started BookingServiceApplication in 6.099 seconds (process running for 7.904)
2025-01-26 19:24:16 [http-nio-5002-exec-1] INFO  org.apache.catalina.core.ContainerBase.[Tomcat].[localhost].[/] - Initializing Spring DispatcherServlet 'dispatcherServlet'
2025-01-26 19:24:16 [http-nio-5002-exec-1] INFO  org.springframework.web.servlet.DispatcherServlet - Initializing Servlet 'dispatcherServlet'
2025-01-26 19:24:16 [http-nio-5002-exec-1] INFO  org.springframework.web.servlet.DispatcherServlet - Completed initialization in 19 ms
2025-01-26 19:24:17 [http-nio-5002-exec-3] INFO  org.springdoc.api.AbstractOpenApiResource - Init duration for springdoc-openapi is: 590 ms
2025-01-26 23:33:36 [SpringApplicationShutdownHook] INFO  org.springframework.boot.web.embedded.tomcat.GracefulShutdown - Commencing graceful shutdown. Waiting for active requests to complete
2025-01-26 23:33:36 [tomcat-shutdown] INFO  org.springframework.boot.web.embedded.tomcat.GracefulShutdown - Graceful shutdown complete
2025-01-27 17:52:44 [background-preinit] INFO  org.hibernate.validator.internal.util.Version - HV000001: Hibernate Validator 8.0.2.Final
2025-01-27 17:52:45 [restartedMain] INFO  com.Tekarch.BookingService.BookingServiceApplication - Starting BookingServiceApplication using Java 17.0.9 with PID 9990 (/Users/niwas/IdeaProjects/TekarchBookingService/build/classes/java/main started by niwas in /Users/niwas/IdeaProjects/TekarchBookingService)
2025-01-27 17:52:45 [restartedMain] INFO  com.Tekarch.BookingService.BookingServiceApplication - No active profile set, falling back to 1 default profile: "default"
2025-01-27 17:52:45 [restartedMain] INFO  org.springframework.boot.devtools.env.DevToolsPropertyDefaultsPostProcessor - Devtools property defaults active! Set 'spring.devtools.add-properties' to 'false' to disable
2025-01-27 17:52:45 [restartedMain] INFO  org.springframework.boot.devtools.env.DevToolsPropertyDefaultsPostProcessor - For additional web related logging consider setting the 'logging.level.web' property to 'DEBUG'
2025-01-27 17:52:51 [restartedMain] INFO  org.springframework.boot.web.embedded.tomcat.TomcatWebServer - Tomcat initialized with port 5002 (http)
2025-01-27 17:52:51 [restartedMain] INFO  org.apache.coyote.http11.Http11NioProtocol - Initializing ProtocolHandler ["http-nio-5002"]
2025-01-27 17:52:51 [restartedMain] INFO  org.apache.catalina.core.StandardService - Starting service [Tomcat]
2025-01-27 17:52:51 [restartedMain] INFO  org.apache.catalina.core.StandardEngine - Starting Servlet engine: [Apache Tomcat/10.1.34]
2025-01-27 17:52:51 [restartedMain] INFO  org.apache.catalina.core.ContainerBase.[Tomcat].[localhost].[/] - Initializing Spring embedded WebApplicationContext
2025-01-27 17:52:51 [restartedMain] INFO  org.springframework.boot.web.servlet.context.ServletWebServerApplicationContext - Root WebApplicationContext: initialization completed in 5706 ms
2025-01-27 17:52:51 [restartedMain] INFO  org.springframework.beans.factory.annotation.AutowiredAnnotationBeanPostProcessor - Autowired annotation is not supported on static fields: private static final org.apache.logging.log4j.Logger com.Tekarch.BookingService.Service.BookingService.logger
2025-01-27 17:52:54 [restartedMain] WARN  org.springframework.boot.devtools.autoconfigure.OptionalLiveReloadServer - Unable to start LiveReload server
2025-01-27 17:52:54 [restartedMain] INFO  org.apache.coyote.http11.Http11NioProtocol - Starting ProtocolHandler ["http-nio-5002"]
2025-01-27 17:52:54 [restartedMain] INFO  org.springframework.boot.web.embedded.tomcat.TomcatWebServer - Tomcat started on port 5002 (http) with context path '/'
2025-01-27 17:52:55 [restartedMain] INFO  com.Tekarch.BookingService.BookingServiceApplication - Started BookingServiceApplication in 12.25 seconds (process running for 16.433)
2025-01-27 17:55:45 [http-nio-5002-exec-1] INFO  org.apache.catalina.core.ContainerBase.[Tomcat].[localhost].[/] - Initializing Spring DispatcherServlet 'dispatcherServlet'
2025-01-27 17:55:45 [http-nio-5002-exec-1] INFO  org.springframework.web.servlet.DispatcherServlet - Initializing Servlet 'dispatcherServlet'
2025-01-27 17:55:46 [http-nio-5002-exec-1] INFO  org.springframework.web.servlet.DispatcherServlet - Completed initialization in 37 ms
2025-01-27 17:55:48 [http-nio-5002-exec-6] INFO  org.springdoc.api.AbstractOpenApiResource - Init duration for springdoc-openapi is: 938 ms
2025-01-27 23:34:04 [SpringApplicationShutdownHook] INFO  org.springframework.boot.web.embedded.tomcat.GracefulShutdown - Commencing graceful shutdown. Waiting for active requests to complete
2025-01-27 23:34:04 [tomcat-shutdown] INFO  org.springframework.boot.web.embedded.tomcat.GracefulShutdown - Graceful shutdown complete
2025-02-08 14:41:32 [background-preinit] INFO  org.hibernate.validator.internal.util.Version - HV000001: Hibernate Validator 8.0.2.Final
2025-02-08 14:41:32 [restartedMain] INFO  com.Tekarch.BookingService.BookingServiceApplication - Starting BookingServiceApplication using Java 17.0.9 with PID 9070 (/Users/niwas/IdeaProjects/TekarchBookingService/build/classes/java/main started by niwas in /Users/niwas/IdeaProjects/TekarchBookingService)
2025-02-08 14:41:32 [restartedMain] INFO  com.Tekarch.BookingService.BookingServiceApplication - No active profile set, falling back to 1 default profile: "default"
2025-02-08 14:41:32 [restartedMain] INFO  org.springframework.boot.devtools.env.DevToolsPropertyDefaultsPostProcessor - Devtools property defaults active! Set 'spring.devtools.add-properties' to 'false' to disable
2025-02-08 14:41:32 [restartedMain] INFO  org.springframework.boot.devtools.env.DevToolsPropertyDefaultsPostProcessor - For additional web related logging consider setting the 'logging.level.web' property to 'DEBUG'
2025-02-08 14:41:42 [restartedMain] INFO  org.springframework.boot.web.embedded.tomcat.TomcatWebServer - Tomcat initialized with port 5002 (http)
2025-02-08 14:41:42 [restartedMain] INFO  org.apache.coyote.http11.Http11NioProtocol - Initializing ProtocolHandler ["http-nio-5002"]
2025-02-08 14:41:42 [restartedMain] INFO  org.apache.catalina.core.StandardService - Starting service [Tomcat]
2025-02-08 14:41:42 [restartedMain] INFO  org.apache.catalina.core.StandardEngine - Starting Servlet engine: [Apache Tomcat/10.1.34]
2025-02-08 14:41:42 [restartedMain] INFO  org.apache.catalina.core.ContainerBase.[Tomcat].[localhost].[/] - Initializing Spring embedded WebApplicationContext
2025-02-08 14:41:42 [restartedMain] INFO  org.springframework.boot.web.servlet.context.ServletWebServerApplicationContext - Root WebApplicationContext: initialization completed in 9672 ms
2025-02-08 14:41:42 [restartedMain] INFO  org.springframework.beans.factory.annotation.AutowiredAnnotationBeanPostProcessor - Autowired annotation is not supported on static fields: private static final org.apache.logging.log4j.Logger com.Tekarch.BookingService.Service.BookingService.logger
2025-02-08 14:41:45 [restartedMain] WARN  org.springframework.boot.devtools.autoconfigure.OptionalLiveReloadServer - Unable to start LiveReload server
2025-02-08 14:41:45 [restartedMain] INFO  org.apache.coyote.http11.Http11NioProtocol - Starting ProtocolHandler ["http-nio-5002"]
2025-02-08 14:41:45 [restartedMain] INFO  org.springframework.boot.web.embedded.tomcat.TomcatWebServer - Tomcat started on port 5002 (http) with context path '/'
2025-02-08 14:41:45 [restartedMain] INFO  com.Tekarch.BookingService.BookingServiceApplication - Started BookingServiceApplication in 14.664 seconds (process running for 17.308)
2025-02-08 14:49:00 [http-nio-5002-exec-1] INFO  org.apache.catalina.core.ContainerBase.[Tomcat].[localhost].[/] - Initializing Spring DispatcherServlet 'dispatcherServlet'
2025-02-08 14:49:00 [http-nio-5002-exec-1] INFO  org.springframework.web.servlet.DispatcherServlet - Initializing Servlet 'dispatcherServlet'
2025-02-08 14:49:00 [http-nio-5002-exec-1] INFO  org.springframework.web.servlet.DispatcherServlet - Completed initialization in 43 ms
2025-02-08 14:49:02 [http-nio-5002-exec-9] INFO  org.springdoc.api.AbstractOpenApiResource - Init duration for springdoc-openapi is: 595 ms
2025-02-08 15:01:52 [http-nio-5002-exec-2] WARN  org.springframework.web.servlet.mvc.support.DefaultHandlerExceptionResolver - Resolved [org.springframework.web.HttpRequestMethodNotSupportedException: Request method 'GET' is not supported]
2025-02-08 15:07:58 [http-nio-5002-exec-8] WARN  org.springframework.web.servlet.mvc.support.DefaultHandlerExceptionResolver - Resolved [org.springframework.web.HttpRequestMethodNotSupportedException: Request method 'GET' is not supported]
2025-02-08 15:37:18 [SpringApplicationShutdownHook] INFO  org.springframework.boot.web.embedded.tomcat.GracefulShutdown - Commencing graceful shutdown. Waiting for active requests to complete
2025-02-08 15:37:18 [tomcat-shutdown] INFO  org.springframework.boot.web.embedded.tomcat.GracefulShutdown - Graceful shutdown complete
2025-02-08 20:27:15 [background-preinit] INFO  org.hibernate.validator.internal.util.Version - HV000001: Hibernate Validator 8.0.2.Final
2025-02-08 20:27:16 [restartedMain] INFO  com.Tekarch.BookingService.BookingServiceApplication - Starting BookingServiceApplication using Java 17.0.9 with PID 18315 (/Users/niwas/IdeaProjects/TekarchBookingService/build/classes/java/main started by niwas in /Users/niwas/IdeaProjects/TekarchBookingService)
2025-02-08 20:27:16 [restartedMain] INFO  com.Tekarch.BookingService.BookingServiceApplication - No active profile set, falling back to 1 default profile: "default"
2025-02-08 20:27:16 [restartedMain] INFO  org.springframework.boot.devtools.env.DevToolsPropertyDefaultsPostProcessor - Devtools property defaults active! Set 'spring.devtools.add-properties' to 'false' to disable
2025-02-08 20:27:16 [restartedMain] INFO  org.springframework.boot.devtools.env.DevToolsPropertyDefaultsPostProcessor - For additional web related logging consider setting the 'logging.level.web' property to 'DEBUG'
2025-02-08 20:27:19 [restartedMain] INFO  org.springframework.boot.web.embedded.tomcat.TomcatWebServer - Tomcat initialized with port 5002 (http)
2025-02-08 20:27:19 [restartedMain] INFO  org.apache.coyote.http11.Http11NioProtocol - Initializing ProtocolHandler ["http-nio-5002"]
2025-02-08 20:27:19 [restartedMain] INFO  org.apache.catalina.core.StandardService - Starting service [Tomcat]
2025-02-08 20:27:19 [restartedMain] INFO  org.apache.catalina.core.StandardEngine - Starting Servlet engine: [Apache Tomcat/10.1.34]
2025-02-08 20:27:19 [restartedMain] INFO  org.apache.catalina.core.ContainerBase.[Tomcat].[localhost].[/] - Initializing Spring embedded WebApplicationContext
2025-02-08 20:27:19 [restartedMain] INFO  org.springframework.boot.web.servlet.context.ServletWebServerApplicationContext - Root WebApplicationContext: initialization completed in 3101 ms
2025-02-08 20:27:19 [restartedMain] INFO  org.springframework.beans.factory.annotation.AutowiredAnnotationBeanPostProcessor - Autowired annotation is not supported on static fields: private static final org.apache.logging.log4j.Logger com.Tekarch.BookingService.Service.BookingService.logger
2025-02-08 20:27:21 [restartedMain] WARN  org.springframework.boot.devtools.autoconfigure.OptionalLiveReloadServer - Unable to start LiveReload server
2025-02-08 20:27:21 [restartedMain] INFO  org.apache.coyote.http11.Http11NioProtocol - Starting ProtocolHandler ["http-nio-5002"]
2025-02-08 20:27:21 [restartedMain] INFO  org.springframework.boot.web.embedded.tomcat.TomcatWebServer - Tomcat started on port 5002 (http) with context path '/'
2025-02-08 20:27:21 [restartedMain] INFO  com.Tekarch.BookingService.BookingServiceApplication - Started BookingServiceApplication in 6.301 seconds (process running for 8.335)
2025-02-08 23:21:00 [http-nio-5002-exec-1] INFO  org.apache.catalina.core.ContainerBase.[Tomcat].[localhost].[/] - Initializing Spring DispatcherServlet 'dispatcherServlet'
2025-02-08 23:21:00 [http-nio-5002-exec-1] INFO  org.springframework.web.servlet.DispatcherServlet - Initializing Servlet 'dispatcherServlet'
2025-02-08 23:21:00 [http-nio-5002-exec-1] INFO  org.springframework.web.servlet.DispatcherServlet - Completed initialization in 13 ms
2025-02-08 23:21:01 [http-nio-5002-exec-1] ERROR org.apache.catalina.core.ContainerBase.[Tomcat].[localhost].[/].[dispatcherServlet] - Servlet.service() for servlet [dispatcherServlet] in context with path [] threw exception [Request processing failed: java.lang.IllegalArgumentException: When allowCredentials is true, allowedOrigins cannot contain the special value "*" since that cannot be set on the "Access-Control-Allow-Origin" response header. To allow credentials to a set of origins, list them explicitly or consider using "allowedOriginPatterns" instead.] with root cause
java.lang.IllegalArgumentException: When allowCredentials is true, allowedOrigins cannot contain the special value "*" since that cannot be set on the "Access-Control-Allow-Origin" response header. To allow credentials to a set of origins, list them explicitly or consider using "allowedOriginPatterns" instead.
	at org.springframework.web.cors.CorsConfiguration.validateAllowCredentials(CorsConfiguration.java:575) ~[spring-web-6.2.1.jar:6.2.1]
	at org.springframework.web.servlet.handler.AbstractHandlerMapping.getHandler(AbstractHandlerMapping.java:544) ~[spring-webmvc-6.2.1.jar:6.2.1]
	at org.springframework.web.servlet.DispatcherServlet.getHandler(DispatcherServlet.java:1283) ~[spring-webmvc-6.2.1.jar:6.2.1]
	at org.springframework.web.servlet.DispatcherServlet.doDispatch(DispatcherServlet.java:1064) ~[spring-webmvc-6.2.1.jar:6.2.1]
	at org.springframework.web.servlet.DispatcherServlet.doService(DispatcherServlet.java:978) ~[spring-webmvc-6.2.1.jar:6.2.1]
	at org.springframework.web.servlet.FrameworkServlet.processRequest(FrameworkServlet.java:1014) ~[spring-webmvc-6.2.1.jar:6.2.1]
	at org.springframework.web.servlet.FrameworkServlet.doOptions(FrameworkServlet.java:950) ~[spring-webmvc-6.2.1.jar:6.2.1]
	at jakarta.servlet.http.HttpServlet.service(HttpServlet.java:599) ~[tomcat-embed-core-10.1.34.jar:6.0]
	at org.springframework.web.servlet.FrameworkServlet.service(FrameworkServlet.java:885) ~[spring-webmvc-6.2.1.jar:6.2.1]
	at jakarta.servlet.http.HttpServlet.service(HttpServlet.java:658) ~[tomcat-embed-core-10.1.34.jar:6.0]
	at org.apache.catalina.core.ApplicationFilterChain.internalDoFilter(ApplicationFilterChain.java:195) ~[tomcat-embed-core-10.1.34.jar:10.1.34]
	at org.apache.catalina.core.ApplicationFilterChain.doFilter(ApplicationFilterChain.java:140) ~[tomcat-embed-core-10.1.34.jar:10.1.34]
	at org.apache.tomcat.websocket.server.WsFilter.doFilter(WsFilter.java:51) ~[tomcat-embed-websocket-10.1.34.jar:10.1.34]
	at org.apache.catalina.core.ApplicationFilterChain.internalDoFilter(ApplicationFilterChain.java:164) ~[tomcat-embed-core-10.1.34.jar:10.1.34]
	at org.apache.catalina.core.ApplicationFilterChain.doFilter(ApplicationFilterChain.java:140) ~[tomcat-embed-core-10.1.34.jar:10.1.34]
	at org.springframework.web.filter.RequestContextFilter.doFilterInternal(RequestContextFilter.java:100) ~[spring-web-6.2.1.jar:6.2.1]
	at org.springframework.web.filter.OncePerRequestFilter.doFilter(OncePerRequestFilter.java:116) ~[spring-web-6.2.1.jar:6.2.1]
	at org.apache.catalina.core.ApplicationFilterChain.internalDoFilter(ApplicationFilterChain.java:164) ~[tomcat-embed-core-10.1.34.jar:10.1.34]
	at org.apache.catalina.core.ApplicationFilterChain.doFilter(ApplicationFilterChain.java:140) ~[tomcat-embed-core-10.1.34.jar:10.1.34]
	at org.springframework.web.filter.FormContentFilter.doFilterInternal(FormContentFilter.java:93) ~[spring-web-6.2.1.jar:6.2.1]
	at org.springframework.web.filter.OncePerRequestFilter.doFilter(OncePerRequestFilter.java:116) ~[spring-web-6.2.1.jar:6.2.1]
	at org.apache.catalina.core.ApplicationFilterChain.internalDoFilter(ApplicationFilterChain.java:164) ~[tomcat-embed-core-10.1.34.jar:10.1.34]
	at org.apache.catalina.core.ApplicationFilterChain.doFilter(ApplicationFilterChain.java:140) ~[tomcat-embed-core-10.1.34.jar:10.1.34]
	at org.springframework.web.filter.CharacterEncodingFilter.doFilterInternal(CharacterEncodingFilter.java:201) ~[spring-web-6.2.1.jar:6.2.1]
	at org.springframework.web.filter.OncePerRequestFilter.doFilter(OncePerRequestFilter.java:116) ~[spring-web-6.2.1.jar:6.2.1]
	at org.apache.catalina.core.ApplicationFilterChain.internalDoFilter(ApplicationFilterChain.java:164) ~[tomcat-embed-core-10.1.34.jar:10.1.34]
	at org.apache.catalina.core.ApplicationFilterChain.doFilter(ApplicationFilterChain.java:140) ~[tomcat-embed-core-10.1.34.jar:10.1.34]
	at org.apache.catalina.core.StandardWrapperValve.invoke(StandardWrapperValve.java:167) [tomcat-embed-core-10.1.34.jar:10.1.34]
	at org.apache.catalina.core.StandardContextValve.invoke(StandardContextValve.java:90) [tomcat-embed-core-10.1.34.jar:10.1.34]
	at org.apache.catalina.authenticator.AuthenticatorBase.invoke(AuthenticatorBase.java:483) [tomcat-embed-core-10.1.34.jar:10.1.34]
	at org.apache.catalina.core.StandardHostValve.invoke(StandardHostValve.java:115) [tomcat-embed-core-10.1.34.jar:10.1.34]
	at org.apache.catalina.valves.ErrorReportValve.invoke(ErrorReportValve.java:93) [tomcat-embed-core-10.1.34.jar:10.1.34]
	at org.apache.catalina.core.StandardEngineValve.invoke(StandardEngineValve.java:74) [tomcat-embed-core-10.1.34.jar:10.1.34]
	at org.apache.catalina.connector.CoyoteAdapter.service(CoyoteAdapter.java:344) [tomcat-embed-core-10.1.34.jar:10.1.34]
	at org.apache.coyote.http11.Http11Processor.service(Http11Processor.java:397) [tomcat-embed-core-10.1.34.jar:10.1.34]
	at org.apache.coyote.AbstractProcessorLight.process(AbstractProcessorLight.java:63) [tomcat-embed-core-10.1.34.jar:10.1.34]
	at org.apache.coyote.AbstractProtocol$ConnectionHandler.process(AbstractProtocol.java:905) [tomcat-embed-core-10.1.34.jar:10.1.34]
	at org.apache.tomcat.util.net.NioEndpoint$SocketProcessor.doRun(NioEndpoint.java:1741) [tomcat-embed-core-10.1.34.jar:10.1.34]
	at org.apache.tomcat.util.net.SocketProcessorBase.run(SocketProcessorBase.java:52) [tomcat-embed-core-10.1.34.jar:10.1.34]
	at org.apache.tomcat.util.threads.ThreadPoolExecutor.runWorker(ThreadPoolExecutor.java:1190) [tomcat-embed-core-10.1.34.jar:10.1.34]
	at org.apache.tomcat.util.threads.ThreadPoolExecutor$Worker.run(ThreadPoolExecutor.java:659) [tomcat-embed-core-10.1.34.jar:10.1.34]
	at org.apache.tomcat.util.threads.TaskThread$WrappingRunnable.run(TaskThread.java:63) [tomcat-embed-core-10.1.34.jar:10.1.34]
	at java.lang.Thread.run(Thread.java:842) [?:?]
2025-02-08 23:21:01 [http-nio-5002-exec-1] ERROR org.apache.catalina.core.ContainerBase.[Tomcat].[localhost].[/].[dispatcherServlet] - Servlet.service() for servlet [dispatcherServlet] threw exception
java.lang.IllegalArgumentException: When allowCredentials is true, allowedOrigins cannot contain the special value "*" since that cannot be set on the "Access-Control-Allow-Origin" response header. To allow credentials to a set of origins, list them explicitly or consider using "allowedOriginPatterns" instead.
	at org.springframework.web.cors.CorsConfiguration.validateAllowCredentials(CorsConfiguration.java:575) ~[spring-web-6.2.1.jar:6.2.1]
	at org.springframework.web.servlet.handler.AbstractHandlerMapping.getHandler(AbstractHandlerMapping.java:544) ~[spring-webmvc-6.2.1.jar:6.2.1]
	at org.springframework.web.servlet.DispatcherServlet.getHandler(DispatcherServlet.java:1283) ~[spring-webmvc-6.2.1.jar:6.2.1]
	at org.springframework.web.servlet.DispatcherServlet.doDispatch(DispatcherServlet.java:1064) ~[spring-webmvc-6.2.1.jar:6.2.1]
	at org.springframework.web.servlet.DispatcherServlet.doService(DispatcherServlet.java:978) ~[spring-webmvc-6.2.1.jar:6.2.1]
	at org.springframework.web.servlet.FrameworkServlet.processRequest(FrameworkServlet.java:1014) ~[spring-webmvc-6.2.1.jar:6.2.1]
	at org.springframework.web.servlet.FrameworkServlet.doOptions(FrameworkServlet.java:950) ~[spring-webmvc-6.2.1.jar:6.2.1]
	at jakarta.servlet.http.HttpServlet.service(HttpServlet.java:599) ~[tomcat-embed-core-10.1.34.jar:6.0]
	at org.springframework.web.servlet.FrameworkServlet.service(FrameworkServlet.java:885) ~[spring-webmvc-6.2.1.jar:6.2.1]
	at jakarta.servlet.http.HttpServlet.service(HttpServlet.java:658) ~[tomcat-embed-core-10.1.34.jar:6.0]
	at org.apache.catalina.core.ApplicationFilterChain.internalDoFilter(ApplicationFilterChain.java:195) ~[tomcat-embed-core-10.1.34.jar:10.1.34]
	at org.apache.catalina.core.ApplicationFilterChain.doFilter(ApplicationFilterChain.java:140) ~[tomcat-embed-core-10.1.34.jar:10.1.34]
	at org.springframework.web.filter.RequestContextFilter.doFilterInternal(RequestContextFilter.java:100) ~[spring-web-6.2.1.jar:6.2.1]
	at org.springframework.web.filter.OncePerRequestFilter.doFilter(OncePerRequestFilter.java:116) ~[spring-web-6.2.1.jar:6.2.1]
	at org.apache.catalina.core.ApplicationFilterChain.internalDoFilter(ApplicationFilterChain.java:164) ~[tomcat-embed-core-10.1.34.jar:10.1.34]
	at org.apache.catalina.core.ApplicationFilterChain.doFilter(ApplicationFilterChain.java:140) ~[tomcat-embed-core-10.1.34.jar:10.1.34]
	at org.springframework.web.filter.OncePerRequestFilter.doFilter(OncePerRequestFilter.java:101) ~[spring-web-6.2.1.jar:6.2.1]
	at org.apache.catalina.core.ApplicationFilterChain.internalDoFilter(ApplicationFilterChain.java:164) ~[tomcat-embed-core-10.1.34.jar:10.1.34]
	at org.apache.catalina.core.ApplicationFilterChain.doFilter(ApplicationFilterChain.java:140) ~[tomcat-embed-core-10.1.34.jar:10.1.34]
	at org.springframework.web.filter.OncePerRequestFilter.doFilter(OncePerRequestFilter.java:101) ~[spring-web-6.2.1.jar:6.2.1]
	at org.apache.catalina.core.ApplicationFilterChain.internalDoFilter(ApplicationFilterChain.java:164) ~[tomcat-embed-core-10.1.34.jar:10.1.34]
	at org.apache.catalina.core.ApplicationFilterChain.doFilter(ApplicationFilterChain.java:140) ~[tomcat-embed-core-10.1.34.jar:10.1.34]
	at org.apache.catalina.core.ApplicationDispatcher.invoke(ApplicationDispatcher.java:633) [tomcat-embed-core-10.1.34.jar:10.1.34]
	at org.apache.catalina.core.ApplicationDispatcher.processRequest(ApplicationDispatcher.java:411) [tomcat-embed-core-10.1.34.jar:10.1.34]
	at org.apache.catalina.core.ApplicationDispatcher.doForward(ApplicationDispatcher.java:331) [tomcat-embed-core-10.1.34.jar:10.1.34]
	at org.apache.catalina.core.ApplicationDispatcher.forward(ApplicationDispatcher.java:268) [tomcat-embed-core-10.1.34.jar:10.1.34]
	at org.apache.catalina.core.StandardHostValve.custom(StandardHostValve.java:380) [tomcat-embed-core-10.1.34.jar:10.1.34]
	at org.apache.catalina.core.StandardHostValve.status(StandardHostValve.java:208) [tomcat-embed-core-10.1.34.jar:10.1.34]
	at org.apache.catalina.core.StandardHostValve.throwable(StandardHostValve.java:285) [tomcat-embed-core-10.1.34.jar:10.1.34]
	at org.apache.catalina.core.StandardHostValve.invoke(StandardHostValve.java:149) [tomcat-embed-core-10.1.34.jar:10.1.34]
	at org.apache.catalina.valves.ErrorReportValve.invoke(ErrorReportValve.java:93) [tomcat-embed-core-10.1.34.jar:10.1.34]
	at org.apache.catalina.core.StandardEngineValve.invoke(StandardEngineValve.java:74) [tomcat-embed-core-10.1.34.jar:10.1.34]
	at org.apache.catalina.connector.CoyoteAdapter.service(CoyoteAdapter.java:344) [tomcat-embed-core-10.1.34.jar:10.1.34]
	at org.apache.coyote.http11.Http11Processor.service(Http11Processor.java:397) [tomcat-embed-core-10.1.34.jar:10.1.34]
	at org.apache.coyote.AbstractProcessorLight.process(AbstractProcessorLight.java:63) [tomcat-embed-core-10.1.34.jar:10.1.34]
	at org.apache.coyote.AbstractProtocol$ConnectionHandler.process(AbstractProtocol.java:905) [tomcat-embed-core-10.1.34.jar:10.1.34]
	at org.apache.tomcat.util.net.NioEndpoint$SocketProcessor.doRun(NioEndpoint.java:1741) [tomcat-embed-core-10.1.34.jar:10.1.34]
	at org.apache.tomcat.util.net.SocketProcessorBase.run(SocketProcessorBase.java:52) [tomcat-embed-core-10.1.34.jar:10.1.34]
	at org.apache.tomcat.util.threads.ThreadPoolExecutor.runWorker(ThreadPoolExecutor.java:1190) [tomcat-embed-core-10.1.34.jar:10.1.34]
	at org.apache.tomcat.util.threads.ThreadPoolExecutor$Worker.run(ThreadPoolExecutor.java:659) [tomcat-embed-core-10.1.34.jar:10.1.34]
	at org.apache.tomcat.util.threads.TaskThread$WrappingRunnable.run(TaskThread.java:63) [tomcat-embed-core-10.1.34.jar:10.1.34]
	at java.lang.Thread.run(Thread.java:842) [?:?]
2025-02-08 23:21:01 [http-nio-5002-exec-1] ERROR org.apache.catalina.core.ContainerBase.[Tomcat].[localhost] - Exception Processing [ErrorPage[errorCode=0, location=/error]]
jakarta.servlet.ServletException: Request processing failed: java.lang.IllegalArgumentException: When allowCredentials is true, allowedOrigins cannot contain the special value "*" since that cannot be set on the "Access-Control-Allow-Origin" response header. To allow credentials to a set of origins, list them explicitly or consider using "allowedOriginPatterns" instead.
	at org.springframework.web.servlet.FrameworkServlet.processRequest(FrameworkServlet.java:1022) ~[spring-webmvc-6.2.1.jar:6.2.1]
	at org.springframework.web.servlet.FrameworkServlet.doOptions(FrameworkServlet.java:950) ~[spring-webmvc-6.2.1.jar:6.2.1]
	at jakarta.servlet.http.HttpServlet.service(HttpServlet.java:599) ~[tomcat-embed-core-10.1.34.jar:6.0]
	at org.springframework.web.servlet.FrameworkServlet.service(FrameworkServlet.java:885) ~[spring-webmvc-6.2.1.jar:6.2.1]
	at jakarta.servlet.http.HttpServlet.service(HttpServlet.java:658) ~[tomcat-embed-core-10.1.34.jar:6.0]
	at org.apache.catalina.core.ApplicationFilterChain.internalDoFilter(ApplicationFilterChain.java:195) ~[tomcat-embed-core-10.1.34.jar:10.1.34]
	at org.apache.catalina.core.ApplicationFilterChain.doFilter(ApplicationFilterChain.java:140) ~[tomcat-embed-core-10.1.34.jar:10.1.34]
	at org.springframework.web.filter.RequestContextFilter.doFilterInternal(RequestContextFilter.java:100) ~[spring-web-6.2.1.jar:6.2.1]
	at org.springframework.web.filter.OncePerRequestFilter.doFilter(OncePerRequestFilter.java:116) ~[spring-web-6.2.1.jar:6.2.1]
	at org.apache.catalina.core.ApplicationFilterChain.internalDoFilter(ApplicationFilterChain.java:164) ~[tomcat-embed-core-10.1.34.jar:10.1.34]
	at org.apache.catalina.core.ApplicationFilterChain.doFilter(ApplicationFilterChain.java:140) ~[tomcat-embed-core-10.1.34.jar:10.1.34]
	at org.springframework.web.filter.OncePerRequestFilter.doFilter(OncePerRequestFilter.java:101) ~[spring-web-6.2.1.jar:6.2.1]
	at org.apache.catalina.core.ApplicationFilterChain.internalDoFilter(ApplicationFilterChain.java:164) ~[tomcat-embed-core-10.1.34.jar:10.1.34]
	at org.apache.catalina.core.ApplicationFilterChain.doFilter(ApplicationFilterChain.java:140) ~[tomcat-embed-core-10.1.34.jar:10.1.34]
	at org.springframework.web.filter.OncePerRequestFilter.doFilter(OncePerRequestFilter.java:101) ~[spring-web-6.2.1.jar:6.2.1]
	at org.apache.catalina.core.ApplicationFilterChain.internalDoFilter(ApplicationFilterChain.java:164) ~[tomcat-embed-core-10.1.34.jar:10.1.34]
	at org.apache.catalina.core.ApplicationFilterChain.doFilter(ApplicationFilterChain.java:140) ~[tomcat-embed-core-10.1.34.jar:10.1.34]
	at org.apache.catalina.core.ApplicationDispatcher.invoke(ApplicationDispatcher.java:633) ~[tomcat-embed-core-10.1.34.jar:10.1.34]
	at org.apache.catalina.core.ApplicationDispatcher.processRequest(ApplicationDispatcher.java:411) ~[tomcat-embed-core-10.1.34.jar:10.1.34]
	at org.apache.catalina.core.ApplicationDispatcher.doForward(ApplicationDispatcher.java:331) ~[tomcat-embed-core-10.1.34.jar:10.1.34]
	at org.apache.catalina.core.ApplicationDispatcher.forward(ApplicationDispatcher.java:268) ~[tomcat-embed-core-10.1.34.jar:10.1.34]
	at org.apache.catalina.core.StandardHostValve.custom(StandardHostValve.java:380) [tomcat-embed-core-10.1.34.jar:10.1.34]
	at org.apache.catalina.core.StandardHostValve.status(StandardHostValve.java:208) [tomcat-embed-core-10.1.34.jar:10.1.34]
	at org.apache.catalina.core.StandardHostValve.throwable(StandardHostValve.java:285) [tomcat-embed-core-10.1.34.jar:10.1.34]
	at org.apache.catalina.core.StandardHostValve.invoke(StandardHostValve.java:149) [tomcat-embed-core-10.1.34.jar:10.1.34]
	at org.apache.catalina.valves.ErrorReportValve.invoke(ErrorReportValve.java:93) [tomcat-embed-core-10.1.34.jar:10.1.34]
	at org.apache.catalina.core.StandardEngineValve.invoke(StandardEngineValve.java:74) [tomcat-embed-core-10.1.34.jar:10.1.34]
	at org.apache.catalina.connector.CoyoteAdapter.service(CoyoteAdapter.java:344) [tomcat-embed-core-10.1.34.jar:10.1.34]
	at org.apache.coyote.http11.Http11Processor.service(Http11Processor.java:397) [tomcat-embed-core-10.1.34.jar:10.1.34]
	at org.apache.coyote.AbstractProcessorLight.process(AbstractProcessorLight.java:63) [tomcat-embed-core-10.1.34.jar:10.1.34]
	at org.apache.coyote.AbstractProtocol$ConnectionHandler.process(AbstractProtocol.java:905) [tomcat-embed-core-10.1.34.jar:10.1.34]
	at org.apache.tomcat.util.net.NioEndpoint$SocketProcessor.doRun(NioEndpoint.java:1741) [tomcat-embed-core-10.1.34.jar:10.1.34]
	at org.apache.tomcat.util.net.SocketProcessorBase.run(SocketProcessorBase.java:52) [tomcat-embed-core-10.1.34.jar:10.1.34]
	at org.apache.tomcat.util.threads.ThreadPoolExecutor.runWorker(ThreadPoolExecutor.java:1190) [tomcat-embed-core-10.1.34.jar:10.1.34]
	at org.apache.tomcat.util.threads.ThreadPoolExecutor$Worker.run(ThreadPoolExecutor.java:659) [tomcat-embed-core-10.1.34.jar:10.1.34]
	at org.apache.tomcat.util.threads.TaskThread$WrappingRunnable.run(TaskThread.java:63) [tomcat-embed-core-10.1.34.jar:10.1.34]
	at java.lang.Thread.run(Thread.java:842) [?:?]
Caused by: java.lang.IllegalArgumentException: When allowCredentials is true, allowedOrigins cannot contain the special value "*" since that cannot be set on the "Access-Control-Allow-Origin" response header. To allow credentials to a set of origins, list them explicitly or consider using "allowedOriginPatterns" instead.
	at org.springframework.web.cors.CorsConfiguration.validateAllowCredentials(CorsConfiguration.java:575) ~[spring-web-6.2.1.jar:6.2.1]
	at org.springframework.web.servlet.handler.AbstractHandlerMapping.getHandler(AbstractHandlerMapping.java:544) ~[spring-webmvc-6.2.1.jar:6.2.1]
	at org.springframework.web.servlet.DispatcherServlet.getHandler(DispatcherServlet.java:1283) ~[spring-webmvc-6.2.1.jar:6.2.1]
	at org.springframework.web.servlet.DispatcherServlet.doDispatch(DispatcherServlet.java:1064) ~[spring-webmvc-6.2.1.jar:6.2.1]
	at org.springframework.web.servlet.DispatcherServlet.doService(DispatcherServlet.java:978) ~[spring-webmvc-6.2.1.jar:6.2.1]
	at org.springframework.web.servlet.FrameworkServlet.processRequest(FrameworkServlet.java:1014) ~[spring-webmvc-6.2.1.jar:6.2.1]
	... 36 more
2025-02-08 23:22:53 [SpringApplicationShutdownHook] INFO  org.springframework.boot.web.embedded.tomcat.GracefulShutdown - Commencing graceful shutdown. Waiting for active requests to complete
2025-02-08 23:22:53 [tomcat-shutdown] INFO  org.springframework.boot.web.embedded.tomcat.GracefulShutdown - Graceful shutdown complete
2025-02-08 23:24:10 [background-preinit] INFO  org.hibernate.validator.internal.util.Version - HV000001: Hibernate Validator 8.0.2.Final
2025-02-08 23:24:10 [restartedMain] INFO  com.Tekarch.BookingService.BookingServiceApplication - Starting BookingServiceApplication using Java 17.0.9 with PID 19359 (/Users/niwas/IdeaProjects/TekarchBookingService/build/classes/java/main started by niwas in /Users/niwas/IdeaProjects/TekarchBookingService)
2025-02-08 23:24:10 [restartedMain] INFO  com.Tekarch.BookingService.BookingServiceApplication - No active profile set, falling back to 1 default profile: "default"
2025-02-08 23:24:10 [restartedMain] INFO  org.springframework.boot.devtools.env.DevToolsPropertyDefaultsPostProcessor - Devtools property defaults active! Set 'spring.devtools.add-properties' to 'false' to disable
2025-02-08 23:24:10 [restartedMain] INFO  org.springframework.boot.devtools.env.DevToolsPropertyDefaultsPostProcessor - For additional web related logging consider setting the 'logging.level.web' property to 'DEBUG'
2025-02-08 23:24:13 [restartedMain] INFO  org.springframework.boot.web.embedded.tomcat.TomcatWebServer - Tomcat initialized with port 5002 (http)
2025-02-08 23:24:13 [restartedMain] INFO  org.apache.coyote.http11.Http11NioProtocol - Initializing ProtocolHandler ["http-nio-5002"]
2025-02-08 23:24:13 [restartedMain] INFO  org.apache.catalina.core.StandardService - Starting service [Tomcat]
2025-02-08 23:24:13 [restartedMain] INFO  org.apache.catalina.core.StandardEngine - Starting Servlet engine: [Apache Tomcat/10.1.34]
2025-02-08 23:24:13 [restartedMain] INFO  org.apache.catalina.core.ContainerBase.[Tomcat].[localhost].[/] - Initializing Spring embedded WebApplicationContext
2025-02-08 23:24:13 [restartedMain] INFO  org.springframework.boot.web.servlet.context.ServletWebServerApplicationContext - Root WebApplicationContext: initialization completed in 2479 ms
2025-02-08 23:24:13 [restartedMain] INFO  org.springframework.beans.factory.annotation.AutowiredAnnotationBeanPostProcessor - Autowired annotation is not supported on static fields: private static final org.apache.logging.log4j.Logger com.Tekarch.BookingService.Service.BookingService.logger
2025-02-08 23:24:14 [restartedMain] WARN  org.springframework.boot.devtools.autoconfigure.OptionalLiveReloadServer - Unable to start LiveReload server
2025-02-08 23:24:14 [restartedMain] INFO  org.apache.coyote.http11.Http11NioProtocol - Starting ProtocolHandler ["http-nio-5002"]
2025-02-08 23:24:14 [restartedMain] INFO  org.springframework.boot.web.embedded.tomcat.TomcatWebServer - Tomcat started on port 5002 (http) with context path '/'
2025-02-08 23:24:14 [restartedMain] INFO  com.Tekarch.BookingService.BookingServiceApplication - Started BookingServiceApplication in 4.742 seconds (process running for 6.373)
2025-02-08 23:24:56 [http-nio-5002-exec-1] INFO  org.apache.catalina.core.ContainerBase.[Tomcat].[localhost].[/] - Initializing Spring DispatcherServlet 'dispatcherServlet'
2025-02-08 23:24:56 [http-nio-5002-exec-1] INFO  org.springframework.web.servlet.DispatcherServlet - Initializing Servlet 'dispatcherServlet'
2025-02-08 23:24:56 [http-nio-5002-exec-1] INFO  org.springframework.web.servlet.DispatcherServlet - Completed initialization in 2 ms
2025-02-09 01:22:36 [SpringApplicationShutdownHook] INFO  org.springframework.boot.web.embedded.tomcat.GracefulShutdown - Commencing graceful shutdown. Waiting for active requests to complete
2025-02-09 01:22:36 [tomcat-shutdown] INFO  org.springframework.boot.web.embedded.tomcat.GracefulShutdown - Graceful shutdown complete
2025-02-09 12:44:56 [background-preinit] INFO  org.hibernate.validator.internal.util.Version - HV000001: Hibernate Validator 8.0.2.Final
2025-02-09 12:44:56 [restartedMain] INFO  com.Tekarch.BookingService.BookingServiceApplication - Starting BookingServiceApplication using Java 17.0.9 with PID 1854 (/Users/niwas/IdeaProjects/TekarchBookingService/build/classes/java/main started by niwas in /Users/niwas/IdeaProjects/TekarchBookingService)
2025-02-09 12:44:56 [restartedMain] INFO  com.Tekarch.BookingService.BookingServiceApplication - No active profile set, falling back to 1 default profile: "default"
2025-02-09 12:44:56 [restartedMain] INFO  org.springframework.boot.devtools.env.DevToolsPropertyDefaultsPostProcessor - Devtools property defaults active! Set 'spring.devtools.add-properties' to 'false' to disable
2025-02-09 12:44:56 [restartedMain] INFO  org.springframework.boot.devtools.env.DevToolsPropertyDefaultsPostProcessor - For additional web related logging consider setting the 'logging.level.web' property to 'DEBUG'
2025-02-09 12:44:59 [restartedMain] INFO  org.springframework.boot.web.embedded.tomcat.TomcatWebServer - Tomcat initialized with port 5002 (http)
2025-02-09 12:44:59 [restartedMain] INFO  org.apache.coyote.http11.Http11NioProtocol - Initializing ProtocolHandler ["http-nio-5002"]
2025-02-09 12:44:59 [restartedMain] INFO  org.apache.catalina.core.StandardService - Starting service [Tomcat]
2025-02-09 12:44:59 [restartedMain] INFO  org.apache.catalina.core.StandardEngine - Starting Servlet engine: [Apache Tomcat/10.1.34]
2025-02-09 12:45:00 [restartedMain] INFO  org.apache.catalina.core.ContainerBase.[Tomcat].[localhost].[/] - Initializing Spring embedded WebApplicationContext
2025-02-09 12:45:00 [restartedMain] INFO  org.springframework.boot.web.servlet.context.ServletWebServerApplicationContext - Root WebApplicationContext: initialization completed in 3358 ms
2025-02-09 12:45:00 [restartedMain] INFO  org.springframework.beans.factory.annotation.AutowiredAnnotationBeanPostProcessor - Autowired annotation is not supported on static fields: private static final org.apache.logging.log4j.Logger com.Tekarch.BookingService.Service.BookingService.logger
2025-02-09 12:45:02 [restartedMain] WARN  org.springframework.boot.devtools.autoconfigure.OptionalLiveReloadServer - Unable to start LiveReload server
2025-02-09 12:45:02 [restartedMain] INFO  org.apache.coyote.http11.Http11NioProtocol - Starting ProtocolHandler ["http-nio-5002"]
2025-02-09 12:45:02 [restartedMain] INFO  org.springframework.boot.web.embedded.tomcat.TomcatWebServer - Tomcat started on port 5002 (http) with context path '/'
2025-02-09 12:45:02 [restartedMain] INFO  com.Tekarch.BookingService.BookingServiceApplication - Started BookingServiceApplication in 6.826 seconds (process running for 8.575)
2025-02-09 12:51:36 [http-nio-5002-exec-1] INFO  org.apache.catalina.core.ContainerBase.[Tomcat].[localhost].[/] - Initializing Spring DispatcherServlet 'dispatcherServlet'
2025-02-09 12:51:36 [http-nio-5002-exec-1] INFO  org.springframework.web.servlet.DispatcherServlet - Initializing Servlet 'dispatcherServlet'
2025-02-09 12:51:36 [http-nio-5002-exec-1] INFO  org.springframework.web.servlet.DispatcherServlet - Completed initialization in 26 ms
2025-02-09 21:04:24 [SpringApplicationShutdownHook] INFO  org.springframework.boot.web.embedded.tomcat.GracefulShutdown - Commencing graceful shutdown. Waiting for active requests to complete
2025-02-09 21:04:24 [tomcat-shutdown] INFO  org.springframework.boot.web.embedded.tomcat.GracefulShutdown - Graceful shutdown complete
2025-02-10 14:45:05 [background-preinit] INFO  org.hibernate.validator.internal.util.Version - HV000001: Hibernate Validator 8.0.2.Final
2025-02-10 14:45:06 [restartedMain] INFO  com.Tekarch.BookingService.BookingServiceApplication - Starting BookingServiceApplication using Java 17.0.9 with PID 12220 (/Users/niwas/IdeaProjects/TekarchBookingService/build/classes/java/main started by niwas in /Users/niwas/IdeaProjects/TekarchBookingService)
2025-02-10 14:45:06 [restartedMain] INFO  com.Tekarch.BookingService.BookingServiceApplication - No active profile set, falling back to 1 default profile: "default"
2025-02-10 14:45:07 [restartedMain] INFO  org.springframework.boot.devtools.env.DevToolsPropertyDefaultsPostProcessor - Devtools property defaults active! Set 'spring.devtools.add-properties' to 'false' to disable
2025-02-10 14:45:07 [restartedMain] INFO  org.springframework.boot.devtools.env.DevToolsPropertyDefaultsPostProcessor - For additional web related logging consider setting the 'logging.level.web' property to 'DEBUG'
2025-02-10 14:45:11 [restartedMain] INFO  org.springframework.boot.web.embedded.tomcat.TomcatWebServer - Tomcat initialized with port 5002 (http)
2025-02-10 14:45:11 [restartedMain] INFO  org.apache.coyote.http11.Http11NioProtocol - Initializing ProtocolHandler ["http-nio-5002"]
2025-02-10 14:45:12 [restartedMain] INFO  org.apache.catalina.core.StandardService - Starting service [Tomcat]
2025-02-10 14:45:12 [restartedMain] INFO  org.apache.catalina.core.StandardEngine - Starting Servlet engine: [Apache Tomcat/10.1.34]
2025-02-10 14:45:12 [restartedMain] INFO  org.apache.catalina.core.ContainerBase.[Tomcat].[localhost].[/] - Initializing Spring embedded WebApplicationContext
2025-02-10 14:45:12 [restartedMain] INFO  org.springframework.boot.web.servlet.context.ServletWebServerApplicationContext - Root WebApplicationContext: initialization completed in 5041 ms
2025-02-10 14:45:12 [restartedMain] INFO  org.springframework.beans.factory.annotation.AutowiredAnnotationBeanPostProcessor - Autowired annotation is not supported on static fields: private static final org.apache.logging.log4j.Logger com.Tekarch.BookingService.Service.BookingService.logger
2025-02-10 14:45:16 [restartedMain] WARN  org.springframework.boot.devtools.autoconfigure.OptionalLiveReloadServer - Unable to start LiveReload server
2025-02-10 14:45:16 [restartedMain] INFO  org.apache.coyote.http11.Http11NioProtocol - Starting ProtocolHandler ["http-nio-5002"]
2025-02-10 14:45:16 [restartedMain] INFO  org.springframework.boot.web.embedded.tomcat.TomcatWebServer - Tomcat started on port 5002 (http) with context path '/'
2025-02-10 14:45:16 [restartedMain] INFO  com.Tekarch.BookingService.BookingServiceApplication - Started BookingServiceApplication in 12.911 seconds (process running for 18.656)
2025-02-10 14:57:01 [SpringApplicationShutdownHook] INFO  org.springframework.boot.web.embedded.tomcat.GracefulShutdown - Commencing graceful shutdown. Waiting for active requests to complete
2025-02-10 14:57:01 [tomcat-shutdown] INFO  org.springframework.boot.web.embedded.tomcat.GracefulShutdown - Graceful shutdown complete
2025-02-10 14:58:04 [background-preinit] INFO  org.hibernate.validator.internal.util.Version - HV000001: Hibernate Validator 8.0.2.Final
2025-02-10 14:58:04 [restartedMain] INFO  com.Tekarch.BookingService.BookingServiceApplication - Starting BookingServiceApplication using Java 17.0.9 with PID 12595 (/Users/niwas/IdeaProjects/TekarchBookingService/build/classes/java/main started by niwas in /Users/niwas/IdeaProjects/TekarchBookingService)
2025-02-10 14:58:04 [restartedMain] INFO  com.Tekarch.BookingService.BookingServiceApplication - No active profile set, falling back to 1 default profile: "default"
2025-02-10 14:58:04 [restartedMain] INFO  org.springframework.boot.devtools.env.DevToolsPropertyDefaultsPostProcessor - Devtools property defaults active! Set 'spring.devtools.add-properties' to 'false' to disable
2025-02-10 14:58:04 [restartedMain] INFO  org.springframework.boot.devtools.env.DevToolsPropertyDefaultsPostProcessor - For additional web related logging consider setting the 'logging.level.web' property to 'DEBUG'
2025-02-10 14:58:06 [restartedMain] INFO  org.springframework.boot.web.embedded.tomcat.TomcatWebServer - Tomcat initialized with port 5002 (http)
2025-02-10 14:58:06 [restartedMain] INFO  org.apache.coyote.http11.Http11NioProtocol - Initializing ProtocolHandler ["http-nio-5002"]
2025-02-10 14:58:06 [restartedMain] INFO  org.apache.catalina.core.StandardService - Starting service [Tomcat]
2025-02-10 14:58:06 [restartedMain] INFO  org.apache.catalina.core.StandardEngine - Starting Servlet engine: [Apache Tomcat/10.1.34]
2025-02-10 14:58:06 [restartedMain] INFO  org.apache.catalina.core.ContainerBase.[Tomcat].[localhost].[/] - Initializing Spring embedded WebApplicationContext
2025-02-10 14:58:06 [restartedMain] INFO  org.springframework.boot.web.servlet.context.ServletWebServerApplicationContext - Root WebApplicationContext: initialization completed in 2420 ms
2025-02-10 14:58:06 [restartedMain] INFO  org.springframework.beans.factory.annotation.AutowiredAnnotationBeanPostProcessor - Autowired annotation is not supported on static fields: private static final org.apache.logging.log4j.Logger com.Tekarch.BookingService.Service.BookingService.logger
2025-02-10 14:58:08 [restartedMain] WARN  org.springframework.boot.devtools.autoconfigure.OptionalLiveReloadServer - Unable to start LiveReload server
2025-02-10 14:58:08 [restartedMain] INFO  org.apache.coyote.http11.Http11NioProtocol - Starting ProtocolHandler ["http-nio-5002"]
2025-02-10 14:58:08 [restartedMain] INFO  org.springframework.boot.web.embedded.tomcat.TomcatWebServer - Tomcat started on port 5002 (http) with context path '/'
2025-02-10 14:58:08 [restartedMain] INFO  com.Tekarch.BookingService.BookingServiceApplication - Started BookingServiceApplication in 5.599 seconds (process running for 7.079)
2025-02-10 15:00:34 [http-nio-5002-exec-1] INFO  org.apache.catalina.core.ContainerBase.[Tomcat].[localhost].[/] - Initializing Spring DispatcherServlet 'dispatcherServlet'
2025-02-10 15:00:34 [http-nio-5002-exec-1] INFO  org.springframework.web.servlet.DispatcherServlet - Initializing Servlet 'dispatcherServlet'
2025-02-10 15:00:34 [http-nio-5002-exec-1] INFO  org.springframework.web.servlet.DispatcherServlet - Completed initialization in 12 ms
2025-02-10 15:28:22 [SpringApplicationShutdownHook] INFO  org.springframework.boot.web.embedded.tomcat.GracefulShutdown - Commencing graceful shutdown. Waiting for active requests to complete
2025-02-10 15:28:22 [tomcat-shutdown] INFO  org.springframework.boot.web.embedded.tomcat.GracefulShutdown - Graceful shutdown complete
2025-02-10 17:19:00 [background-preinit] INFO  org.hibernate.validator.internal.util.Version - HV000001: Hibernate Validator 8.0.2.Final
2025-02-10 17:19:00 [restartedMain] INFO  com.Tekarch.BookingService.BookingServiceApplication - Starting BookingServiceApplication using Java 17.0.9 with PID 15750 (/Users/niwas/IdeaProjects/TekarchBookingService/build/classes/java/main started by niwas in /Users/niwas/IdeaProjects/TekarchBookingService)
2025-02-10 17:19:00 [restartedMain] INFO  com.Tekarch.BookingService.BookingServiceApplication - No active profile set, falling back to 1 default profile: "default"
2025-02-10 17:19:00 [restartedMain] INFO  org.springframework.boot.devtools.env.DevToolsPropertyDefaultsPostProcessor - Devtools property defaults active! Set 'spring.devtools.add-properties' to 'false' to disable
2025-02-10 17:19:00 [restartedMain] INFO  org.springframework.boot.devtools.env.DevToolsPropertyDefaultsPostProcessor - For additional web related logging consider setting the 'logging.level.web' property to 'DEBUG'
2025-02-10 17:19:03 [restartedMain] INFO  org.springframework.boot.web.embedded.tomcat.TomcatWebServer - Tomcat initialized with port 5002 (http)
2025-02-10 17:19:03 [restartedMain] INFO  org.apache.coyote.http11.Http11NioProtocol - Initializing ProtocolHandler ["http-nio-5002"]
2025-02-10 17:19:03 [restartedMain] INFO  org.apache.catalina.core.StandardService - Starting service [Tomcat]
2025-02-10 17:19:03 [restartedMain] INFO  org.apache.catalina.core.StandardEngine - Starting Servlet engine: [Apache Tomcat/10.1.34]
2025-02-10 17:19:03 [restartedMain] INFO  org.apache.catalina.core.ContainerBase.[Tomcat].[localhost].[/] - Initializing Spring embedded WebApplicationContext
2025-02-10 17:19:03 [restartedMain] INFO  org.springframework.boot.web.servlet.context.ServletWebServerApplicationContext - Root WebApplicationContext: initialization completed in 2888 ms
2025-02-10 17:19:03 [restartedMain] INFO  org.springframework.beans.factory.annotation.AutowiredAnnotationBeanPostProcessor - Autowired annotation is not supported on static fields: private static final org.apache.logging.log4j.Logger com.Tekarch.BookingService.Service.BookingService.logger
2025-02-10 17:19:06 [restartedMain] WARN  org.springframework.boot.devtools.autoconfigure.OptionalLiveReloadServer - Unable to start LiveReload server
2025-02-10 17:19:06 [restartedMain] INFO  org.apache.coyote.http11.Http11NioProtocol - Starting ProtocolHandler ["http-nio-5002"]
2025-02-10 17:19:06 [restartedMain] INFO  org.springframework.boot.web.embedded.tomcat.TomcatWebServer - Tomcat started on port 5002 (http) with context path '/'
2025-02-10 17:19:06 [restartedMain] INFO  com.Tekarch.BookingService.BookingServiceApplication - Started BookingServiceApplication in 6.839 seconds (process running for 8.596)
2025-02-10 19:11:57 [SpringApplicationShutdownHook] INFO  org.springframework.boot.web.embedded.tomcat.GracefulShutdown - Commencing graceful shutdown. Waiting for active requests to complete
2025-02-10 19:11:57 [tomcat-shutdown] INFO  org.springframework.boot.web.embedded.tomcat.GracefulShutdown - Graceful shutdown complete
